<?xml version="1.0" encoding="UTF-8"?>
<testng-results skipped="0" failed="0" ignored="0" total="11" passed="11">
  <reporter-output>
  </reporter-output>
  <suite name="Default suite" duration-ms="44218" started-at="2021-09-26T07:36:09 IST" finished-at="2021-09-26T07:36:53 IST">
    <groups>
    </groups>
    <test name="Default test" duration-ms="44218" started-at="2021-09-26T07:36:09 IST" finished-at="2021-09-26T07:36:53 IST">
      <class name="com.comprensive_assessment_hybrid_framework.runner.Runner">
        <test-method status="PASS" signature="intilize()[pri:0, instance:com.comprensive_assessment_hybrid_framework.runner.Runner@11e21d0e]" name="intilize" is-config="true" duration-ms="9790" started-at="2021-09-26T07:36:09 IST" finished-at="2021-09-26T07:36:19 IST">
          <reporter-output>
          </reporter-output>
        </test-method> <!-- intilize -->
        <test-method status="PASS" signature="tvunits()[pri:0, instance:com.comprensive_assessment_hybrid_framework.runner.Runner@11e21d0e]" name="tvunits" duration-ms="6801" started-at="2021-09-26T07:36:19 IST" finished-at="2021-09-26T07:36:25 IST">
          <reporter-output>
          </reporter-output>
        </test-method> <!-- tvunits -->
        <test-method status="PASS" signature="validate_stores()[pri:0, instance:com.comprensive_assessment_hybrid_framework.runner.Runner@11e21d0e]" name="validate_stores" duration-ms="209" started-at="2021-09-26T07:36:26 IST" finished-at="2021-09-26T07:36:26 IST">
          <reporter-output>
          </reporter-output>
        </test-method> <!-- validate_stores -->
        <test-method status="PASS" signature="searchingelements()[pri:1, instance:com.comprensive_assessment_hybrid_framework.runner.Runner@11e21d0e]" name="searchingelements" duration-ms="1007" started-at="2021-09-26T07:36:26 IST" finished-at="2021-09-26T07:36:27 IST">
          <reporter-output>
          </reporter-output>
        </test-method> <!-- searchingelements -->
        <test-method status="PASS" signature="gift_cards()[pri:2, instance:com.comprensive_assessment_hybrid_framework.runner.Runner@11e21d0e]" name="gift_cards" duration-ms="10796" started-at="2021-09-26T07:36:27 IST" finished-at="2021-09-26T07:36:38 IST">
          <reporter-output>
          </reporter-output>
        </test-method> <!-- gift_cards -->
        <test-method status="PASS" signature="help()[pri:3, instance:com.comprensive_assessment_hybrid_framework.runner.Runner@11e21d0e]" name="help" duration-ms="4925" started-at="2021-09-26T07:36:38 IST" finished-at="2021-09-26T07:36:42 IST">
          <reporter-output>
          </reporter-output>
        </test-method> <!-- help -->
        <test-method status="PASS" signature="kidsroom()[pri:4, instance:com.comprensive_assessment_hybrid_framework.runner.Runner@11e21d0e]" name="kidsroom" duration-ms="264" started-at="2021-09-26T07:36:42 IST" finished-at="2021-09-26T07:36:43 IST">
          <reporter-output>
          </reporter-output>
        </test-method> <!-- kidsroom -->
        <test-method status="PASS" signature="testdata(java.lang.String)[pri:5, instance:com.comprensive_assessment_hybrid_framework.runner.Runner@11e21d0e]" name="testdata" duration-ms="2544" started-at="2021-09-26T07:36:44 IST" data-provider="exceldata" finished-at="2021-09-26T07:36:46 IST">
          <params>
            <param index="0">
              <value>
                <![CDATA[furniture]]>
              </value>
            </param>
          </params>
          <reporter-output>
          </reporter-output>
        </test-method> <!-- testdata -->
        <test-method status="PASS" signature="testdata(java.lang.String)[pri:5, instance:com.comprensive_assessment_hybrid_framework.runner.Runner@11e21d0e]" name="testdata" duration-ms="2361" started-at="2021-09-26T07:36:46 IST" data-provider="exceldata" finished-at="2021-09-26T07:36:49 IST">
          <params>
            <param index="0">
              <value>
                <![CDATA[chairs]]>
              </value>
            </param>
          </params>
          <reporter-output>
          </reporter-output>
        </test-method> <!-- testdata -->
        <test-method status="PASS" signature="testdata(java.lang.String)[pri:5, instance:com.comprensive_assessment_hybrid_framework.runner.Runner@11e21d0e]" name="testdata" duration-ms="2108" started-at="2021-09-26T07:36:49 IST" data-provider="exceldata" finished-at="2021-09-26T07:36:51 IST">
          <params>
            <param index="0">
              <value>
                <![CDATA[dining]]>
              </value>
            </param>
          </params>
          <reporter-output>
          </reporter-output>
        </test-method> <!-- testdata -->
        <test-method status="PASS" signature="searchtab()[pri:6, instance:com.comprensive_assessment_hybrid_framework.runner.Runner@11e21d0e]" name="searchtab" duration-ms="1888" started-at="2021-09-26T07:36:51 IST" finished-at="2021-09-26T07:36:53 IST">
          <reporter-output>
          </reporter-output>
        </test-method> <!-- searchtab -->
        <test-method status="PASS" signature="connectwithus()[pri:8, instance:com.comprensive_assessment_hybrid_framework.runner.Runner@11e21d0e]" name="connectwithus" duration-ms="351" started-at="2021-09-26T07:36:53 IST" finished-at="2021-09-26T07:36:53 IST">
          <reporter-output>
          </reporter-output>
        </test-method> <!-- connectwithus -->
        <test-method status="PASS" signature="close()[pri:0, instance:com.comprensive_assessment_hybrid_framework.runner.Runner@11e21d0e]" name="close" is-config="true" duration-ms="209" started-at="2021-09-26T07:36:53 IST" finished-at="2021-09-26T07:36:53 IST">
          <reporter-output>
          </reporter-output>
        </test-method> <!-- close -->
        <test-method status="FAIL" signature="test()[pri:0, instance:com.comprensive_assessment_hybrid_framework.runner.Runner@11e21d0e]" name="test" is-config="true" duration-ms="2816" started-at="2021-09-26T07:36:53 IST" finished-at="2021-09-26T07:36:56 IST">
          <exception class="java.lang.RuntimeException">
            <message>
              <![CDATA[javax.mail.AuthenticationFailedException: 535-5.7.8 Username and Password not accepted. Learn more at
535 5.7.8  https://support.google.com/mail/?p=BadCredentials t3sm14135167pgo.51 - gsmtp
]]>
            </message>
            <full-stacktrace>
              <![CDATA[java.lang.RuntimeException: javax.mail.AuthenticationFailedException: 535-5.7.8 Username and Password not accepted. Learn more at
535 5.7.8  https://support.google.com/mail/?p=BadCredentials t3sm14135167pgo.51 - gsmtp

at com.comprensive_assessment_hybrid_framework.utility.EmailSender.sentEmail(EmailSender.java:114)
at com.comprensive_assessment_hybrid_framework.runner.Runner.test(Runner.java:208)
at sun.reflect.NativeMethodAccessorImpl.invoke0(Native Method)
at sun.reflect.NativeMethodAccessorImpl.invoke(NativeMethodAccessorImpl.java:62)
at sun.reflect.DelegatingMethodAccessorImpl.invoke(DelegatingMethodAccessorImpl.java:43)
at java.lang.reflect.Method.invoke(Method.java:498)
at org.testng.internal.MethodInvocationHelper.invokeMethod(MethodInvocationHelper.java:133)
at org.testng.internal.MethodInvocationHelper.invokeMethodConsideringTimeout(MethodInvocationHelper.java:62)
at org.testng.internal.ConfigInvoker.invokeConfigurationMethod(ConfigInvoker.java:385)
at org.testng.internal.ConfigInvoker.invokeConfigurations(ConfigInvoker.java:321)
at org.testng.SuiteRunner.privateRun(SuiteRunner.java:344)
at org.testng.SuiteRunner.run(SuiteRunner.java:276)
at org.testng.SuiteRunnerWorker.runSuite(SuiteRunnerWorker.java:53)
at org.testng.SuiteRunnerWorker.run(SuiteRunnerWorker.java:96)
at org.testng.TestNG.runSuitesSequentially(TestNG.java:1212)
at org.testng.TestNG.runSuitesLocally(TestNG.java:1134)
at org.testng.TestNG.runSuites(TestNG.java:1063)
at org.testng.TestNG.run(TestNG.java:1031)
at org.testng.remote.AbstractRemoteTestNG.run(AbstractRemoteTestNG.java:115)
at org.testng.remote.RemoteTestNG.initAndRun(RemoteTestNG.java:251)
at org.testng.remote.RemoteTestNG.main(RemoteTestNG.java:77)
Caused by: javax.mail.AuthenticationFailedException: 535-5.7.8 Username and Password not accepted. Learn more at
535 5.7.8  https://support.google.com/mail/?p=BadCredentials t3sm14135167pgo.51 - gsmtp

at com.sun.mail.smtp.SMTPTransport$Authenticator.authenticate(SMTPTransport.java:965)
at com.sun.mail.smtp.SMTPTransport.authenticate(SMTPTransport.java:876)
at com.sun.mail.smtp.SMTPTransport.protocolConnect(SMTPTransport.java:780)
at javax.mail.Service.connect(Service.java:388)
at javax.mail.Service.connect(Service.java:246)
at javax.mail.Service.connect(Service.java:195)
at javax.mail.Transport.send0(Transport.java:254)
at javax.mail.Transport.send(Transport.java:124)
at com.comprensive_assessment_hybrid_framework.utility.EmailSender.sentEmail(EmailSender.java:108)
... 20 more
]]>
            </full-stacktrace>
          </exception> <!-- java.lang.RuntimeException -->
          <reporter-output>
          </reporter-output>
        </test-method> <!-- test -->
      </class> <!-- com.comprensive_assessment_hybrid_framework.runner.Runner -->
    </test> <!-- Default test -->
  </suite> <!-- Default suite -->
</testng-results>
