<?xml version="1.0" encoding="UTF-8"?>
<!-- Generated by org.testng.reporters.JUnitReportReporter -->
<testsuite skipped="0" hostname="LAPTOP-DGUP2R51" name="com.comprensive_assessment_hybrid_framework.runner.Runner" tests="12" failures="0" timestamp="2021-09-26T07:36:56 IST" time="36.070" errors="1">
  <testcase name="validate_stores" time="0.209" classname="com.comprensive_assessment_hybrid_framework.runner.Runner"/>
  <system-out/>
  <testcase name="test" time="2.816" classname="com.comprensive_assessment_hybrid_framework.runner.Runner">
    <error type="java.lang.RuntimeException" message="javax.mail.AuthenticationFailedException: 535-5.7.8 Username and Password not accepted. Learn more at
535 5.7.8  https://support.google.com/mail/?p=BadCredentials t3sm14135167pgo.51 - gsmtp
">
      <![CDATA[java.lang.RuntimeException: javax.mail.AuthenticationFailedException: 535-5.7.8 Username and Password not accepted. Learn more at
535 5.7.8  https://support.google.com/mail/?p=BadCredentials t3sm14135167pgo.51 - gsmtp

at com.comprensive_assessment_hybrid_framework.utility.EmailSender.sentEmail(EmailSender.java:114)
at com.comprensive_assessment_hybrid_framework.runner.Runner.test(Runner.java:208)
at sun.reflect.NativeMethodAccessorImpl.invoke0(Native Method)
at sun.reflect.NativeMethodAccessorImpl.invoke(NativeMethodAccessorImpl.java:62)
at sun.reflect.DelegatingMethodAccessorImpl.invoke(DelegatingMethodAccessorImpl.java:43)
at java.lang.reflect.Method.invoke(Method.java:498)
at org.testng.internal.MethodInvocationHelper.invokeMethod(MethodInvocationHelper.java:133)
at org.testng.internal.MethodInvocationHelper.invokeMethodConsideringTimeout(MethodInvocationHelper.java:62)
at org.testng.internal.ConfigInvoker.invokeConfigurationMethod(ConfigInvoker.java:385)
at org.testng.internal.ConfigInvoker.invokeConfigurations(ConfigInvoker.java:321)
at org.testng.SuiteRunner.privateRun(SuiteRunner.java:344)
at org.testng.SuiteRunner.run(SuiteRunner.java:276)
at org.testng.SuiteRunnerWorker.runSuite(SuiteRunnerWorker.java:53)
at org.testng.SuiteRunnerWorker.run(SuiteRunnerWorker.java:96)
at org.testng.TestNG.runSuitesSequentially(TestNG.java:1212)
at org.testng.TestNG.runSuitesLocally(TestNG.java:1134)
at org.testng.TestNG.runSuites(TestNG.java:1063)
at org.testng.TestNG.run(TestNG.java:1031)
at org.testng.remote.AbstractRemoteTestNG.run(AbstractRemoteTestNG.java:115)
at org.testng.remote.RemoteTestNG.initAndRun(RemoteTestNG.java:251)
at org.testng.remote.RemoteTestNG.main(RemoteTestNG.java:77)
Caused by: javax.mail.AuthenticationFailedException: 535-5.7.8 Username and Password not accepted. Learn more at
535 5.7.8  https://support.google.com/mail/?p=BadCredentials t3sm14135167pgo.51 - gsmtp

at com.sun.mail.smtp.SMTPTransport$Authenticator.authenticate(SMTPTransport.java:965)
at com.sun.mail.smtp.SMTPTransport.authenticate(SMTPTransport.java:876)
at com.sun.mail.smtp.SMTPTransport.protocolConnect(SMTPTransport.java:780)
at javax.mail.Service.connect(Service.java:388)
at javax.mail.Service.connect(Service.java:246)
at javax.mail.Service.connect(Service.java:195)
at javax.mail.Transport.send0(Transport.java:254)
at javax.mail.Transport.send(Transport.java:124)
at com.comprensive_assessment_hybrid_framework.utility.EmailSender.sentEmail(EmailSender.java:108)
... 20 more
]]>
    </error>
  </testcase> <!-- test -->
  <system-out/>
  <testcase name="tvunits" time="6.801" classname="com.comprensive_assessment_hybrid_framework.runner.Runner"/>
  <system-out/>
  <testcase name="searchingelements" time="1.007" classname="com.comprensive_assessment_hybrid_framework.runner.Runner"/>
  <system-out/>
  <testcase name="gift_cards" time="10.796" classname="com.comprensive_assessment_hybrid_framework.runner.Runner"/>
  <system-out/>
  <testcase name="help" time="4.925" classname="com.comprensive_assessment_hybrid_framework.runner.Runner"/>
  <system-out/>
  <testcase name="kidsroom" time="0.264" classname="com.comprensive_assessment_hybrid_framework.runner.Runner"/>
  <system-out/>
  <testcase name="testdata" time="2.108" classname="com.comprensive_assessment_hybrid_framework.runner.Runner"/>
  <system-out/>
  <testcase name="testdata" time="2.544" classname="com.comprensive_assessment_hybrid_framework.runner.Runner"/>
  <system-out/>
  <testcase name="testdata" time="2.361" classname="com.comprensive_assessment_hybrid_framework.runner.Runner"/>
  <system-out/>
  <testcase name="searchtab" time="1.888" classname="com.comprensive_assessment_hybrid_framework.runner.Runner"/>
  <system-out/>
  <testcase name="connectwithus" time="0.351" classname="com.comprensive_assessment_hybrid_framework.runner.Runner"/>
  <system-out/>
</testsuite> <!-- com.comprensive_assessment_hybrid_framework.runner.Runner -->
